<?xml version="1.0" encoding="UTF-8"?>
<testsuite name="com.example.web.ToDoControllerTest" time="1.663" tests="11" errors="0" skipped="0" failures="0">
  <properties>
    <property name="java.runtime.name" value="Java(TM) SE Runtime Environment"/>
    <property name="sun.boot.library.path" value="C:\Java\jdk1.8.0_112\jre\bin"/>
    <property name="java.vm.version" value="25.112-b15"/>
    <property name="java.vm.vendor" value="Oracle Corporation"/>
    <property name="maven.multiModuleProjectDirectory" value="F:\CTIG_FORMATION\groupe2\SpringBootUnitTestTutorial-master"/>
    <property name="java.vendor.url" value="http://java.oracle.com/"/>
    <property name="path.separator" value=";"/>
    <property name="guice.disable.misplaced.annotation.check" value="true"/>
    <property name="java.vm.name" value="Java HotSpot(TM) 64-Bit Server VM"/>
    <property name="file.encoding.pkg" value="sun.io"/>
    <property name="user.script" value=""/>
    <property name="user.country" value="FR"/>
    <property name="sun.java.launcher" value="SUN_STANDARD"/>
    <property name="sun.os.patch.level" value=""/>
    <property name="java.vm.specification.name" value="Java Virtual Machine Specification"/>
    <property name="user.dir" value="F:\CTIG_FORMATION\groupe2\SpringBootUnitTestTutorial-master"/>
    <property name="java.runtime.version" value="1.8.0_112-b15"/>
    <property name="java.awt.graphicsenv" value="sun.awt.Win32GraphicsEnvironment"/>
    <property name="java.endorsed.dirs" value="C:\Java\jdk1.8.0_112\jre\lib\endorsed"/>
    <property name="os.arch" value="amd64"/>
    <property name="java.io.tmpdir" value="C:\Users\lenovo\AppData\Local\Temp\"/>
    <property name="line.separator" value="&#10;"/>
    <property name="java.vm.specification.vendor" value="Oracle Corporation"/>
    <property name="user.variant" value=""/>
    <property name="os.name" value="Windows 10"/>
    <property name="classworlds.conf" value="F:\CTIG_FORMATION\workspace\.metadata\.plugins\org.eclipse.m2e.launching\launches\m2conf6345001849579039189.tmp"/>
    <property name="sun.jnu.encoding" value="Cp1252"/>
    <property name="java.library.path" value="C:\Java\jdk1.8.0_112\bin;C:\WINDOWS\Sun\Java\bin;C:\WINDOWS\system32;C:\WINDOWS;C:\ProgramData\DockerDesktop\version-bin;C:\Program Files\Docker\Docker\Resources\bin;C:\ProgramData\Oracle\Java\javapath;C:\WINDOWS\system32;C:\WINDOWS;C:\WINDOWS\System32\Wbem;C:\WINDOWS\System32\WindowsPowerShell\v1.0\;C:\Program Files\Git\cmd;C:\Program Files (x86)\Pinnacle\Shared Files\;C:\wamp1\bin\php\php5.6.25;C:\ProgramData\ComposerSetup\bin;C:\Program Files (x86)\Java\jre1.8.0_121;C:\Program Files\PuTTY\;C:\Program Files (x86)\Yarn\bin;C:\nodejs\;C:\apache-tomcat-9.0.4\bin;C:\Program Files (x86)\pgmodeler;C:\Java\jdk1.8.0_112\bin;C:\WINDOWS\System32\OpenSSH\;C:\Python\Python36-32\Scripts;C:\Program Files\PowerShell\6\;C:\Users\lenovo\AppData\Local\Programs\Python\Python37-32\Scripts\;C:\Users\lenovo\AppData\Local\Programs\Python\Python37-32\;C:\Users\lenovo\AppData\Local\Microsoft\WindowsApps;C:\Users\lenovo\AppData\Roaming\Composer\vendor\bin;C:\MedinTux-2.16\Programmes\QtW;C:\Program Files (x86)\Java\jre1.8.0_121;C:\Users\lenovo\AppData\Local\Yarn\bin;C:\Program Files (x86)\Jar2Exe Wizard\;C:\Users\lenovo\AppData\Roaming\npm;C:\Program Files\Docker Toolbox;C:\Users\lenovo\AppData\Local\Programs\Microsoft VS Code\bin;."/>
    <property name="java.specification.name" value="Java Platform API Specification"/>
    <property name="java.class.version" value="52.0"/>
    <property name="sun.management.compiler" value="HotSpot 64-Bit Tiered Compilers"/>
    <property name="os.version" value="10.0"/>
    <property name="user.home" value="C:\Users\lenovo"/>
    <property name="user.timezone" value="Africa/Luanda"/>
    <property name="java.awt.printerjob" value="sun.awt.windows.WPrinterJob"/>
    <property name="java.specification.version" value="1.8"/>
    <property name="file.encoding" value="Cp1252"/>
    <property name="user.name" value="lenovo"/>
    <property name="java.class.path" value="/F:/CTIG_FORMATION/eclipseneon/eclipse/plugins/org.eclipse.m2e.maven.runtime_1.7.0.20160603-1931/jars/plexus-classworlds-2.5.2.jar"/>
    <property name="java.vm.specification.version" value="1.8"/>
    <property name="sun.arch.data.model" value="64"/>
    <property name="java.home" value="C:\Java\jdk1.8.0_112\jre"/>
    <property name="sun.java.command" value="org.codehaus.plexus.classworlds.launcher.Launcher -B package"/>
    <property name="java.specification.vendor" value="Oracle Corporation"/>
    <property name="user.language" value="fr"/>
    <property name="awt.toolkit" value="sun.awt.windows.WToolkit"/>
    <property name="java.vm.info" value="mixed mode"/>
    <property name="java.version" value="1.8.0_112"/>
    <property name="java.ext.dirs" value="C:\Java\jdk1.8.0_112\jre\lib\ext;C:\WINDOWS\Sun\Java\lib\ext"/>
    <property name="sun.boot.class.path" value="C:\Java\jdk1.8.0_112\jre\lib\resources.jar;C:\Java\jdk1.8.0_112\jre\lib\rt.jar;C:\Java\jdk1.8.0_112\jre\lib\sunrsasign.jar;C:\Java\jdk1.8.0_112\jre\lib\jsse.jar;C:\Java\jdk1.8.0_112\jre\lib\jce.jar;C:\Java\jdk1.8.0_112\jre\lib\charsets.jar;C:\Java\jdk1.8.0_112\jre\lib\jfr.jar;C:\Java\jdk1.8.0_112\jre\classes"/>
    <property name="java.vendor" value="Oracle Corporation"/>
    <property name="maven.home" value="F:\CTIG_FORMATION\groupe2\SpringBootUnitTestTutorial-master\EMBEDDED"/>
    <property name="file.separator" value="\"/>
    <property name="java.vendor.url.bug" value="http://bugreport.sun.com/bugreport/"/>
    <property name="sun.cpu.endian" value="little"/>
    <property name="sun.io.unicode.encoding" value="UnicodeLittle"/>
    <property name="sun.desktop" value="windows"/>
    <property name="sun.cpu.isalist" value="amd64"/>
  </properties>
  <testcase name="verifyAllToDoList" classname="com.example.web.ToDoControllerTest" time="0.581"/>
  <testcase name="verifyDeleteToDo" classname="com.example.web.ToDoControllerTest" time="0.379"/>
  <testcase name="verifyInvalidToDoArgument" classname="com.example.web.ToDoControllerTest" time="0.204"/>
  <testcase name="verifyInvalidToDoId" classname="com.example.web.ToDoControllerTest" time="0.172"/>
  <testcase name="verifyInvalidToDoIdToDelete" classname="com.example.web.ToDoControllerTest" time="0.06"/>
  <testcase name="verifyInvalidToDoUpdate" classname="com.example.web.ToDoControllerTest" time="0.117"/>
  <testcase name="verifyMalformedSaveToDo" classname="com.example.web.ToDoControllerTest" time="0.029"/>
  <testcase name="verifyNullToDo" classname="com.example.web.ToDoControllerTest" time="0.018"/>
  <testcase name="verifySaveToDo" classname="com.example.web.ToDoControllerTest" time="0.018"/>
  <testcase name="verifyToDoById" classname="com.example.web.ToDoControllerTest" time="0.026"/>
  <testcase name="verifyUpdateToDo" classname="com.example.web.ToDoControllerTest" time="0.059"/>
</testsuite>